OS|Windows NT|10.0.19041 4597
CPU|amd64|family 6 model 167 stepping 1|16
GPU|||
Crash|EXCEPTION_ACCESS_VIOLATION_WRITE|0x0|0
Module|Resource.dll|0.0.0.0|Resource.dll|000000000000000000000000000000000|0x10000000|0x1059bfff|0
Module|shcore.dll|10.0.19041.4522|shcore.pdb|19AD6353E04F209AB89D46C9FF8406E81|0x1d201c00000|0x1d201cacfff|0
Module|WINTRUST.DLL|10.0.19041.4597|wintrust.pdb|891C15B8D46324E24732F391412D341B1|0x1d206380000|0x1d2063e8fff|0
Module|crashpadReporterExample.exe|0.0.0.0|crashpadReporterExample.pdb|506E1250BCEE48C1807A06E7A3A4EB511|0x7ff7de2d0000|0x7ff7de302fff|1
Module|Qt5Widgets.dll|5.15.2.0|Qt5Widgets.pdb|B55E00034D784710A266E5590C2A6AB61|0x7ffc6d9e0000|0x7ffc6df20fff|0
Module|Qt5Core.dll|5.15.2.0|Qt5Core.pdb|3F04C67A012B43E395533C3A7E3358891|0x7ffc6df30000|0x7ffc6e4f5fff|0
Module|Qt5Gui.dll|5.15.2.0|Qt5Gui.pdb|B9BF1F54552D43FA942F1A753D892E8F1|0x7ffc6e500000|0x7ffc6ebbafff|0
Module|d3d9.dll|10.0.19041.4597|d3d9.pdb|51A3E9C6E3BAA794AAF8DA92799628EC1|0x7ffcccc40000|0x7ffccce0ffff|0
Module|PicFace64.dll|1.1.0.2326|PicFace64.pdb|07CC527677314F2A85608348FD8BE7EC1|0x7ffcd8f90000|0x7ffcd926ffff|0
Module|SogouPY.ime|14.5.0.9485|SogouPy64.pdb|955C4380A9C2417189114A76BA516A2810|0x7ffce70a0000|0x7ffce7f34fff|0
Module|SogouTSF.ime|14.5.0.9485|SogouTSF64.pdb|E373C73384D0401B964221CCE06FD58710|0x7ffce7f40000|0x7ffce83c2fff|0
Module|UIAutomationCore.dll|7.2.19041.4355|UIAutomationCore.pdb|345A91CAC2D1ABE4707FC0C6BB4BBF3B1|0x7ffceef30000|0x7ffcef224fff|0
Module|dataexchange.dll|10.0.19041.4355|DataExchange.pdb|72568B2F2D0D6F97A786C17F8EC8FCE41|0x7ffcf3100000|0x7ffcf313dfff|0
Module|qwindows.dll|5.15.2.0|qwindows.pdb|7EA3E8B92968441C87182EBCDBB0915C1|0x7ffcf50a0000|0x7ffcf520cfff|0
Module|dbgcore.DLL|10.0.19041.4355|dbgcore.pdb|6A072AD6B41EC0723DC8D38FDB3BAE921|0x7ffd0bd10000|0x7ffd0bd43fff|0
Module|MSVCP140.dll|14.36.32532.0|msvcp140.amd64.pdb|E5D1EEDADA9A5DC5A36FAAB872E21A871|0x7ffd0d2e0000|0x7ffd0d36dfff|0
Module|NETAPI32.dll|10.0.19041.3636|netapi32.pdb|72669DBDBC9BDF0A1616CF25BB3533C31|0x7ffd0e480000|0x7ffd0e498fff|0
Module|VCRUNTIME140_1.dll|14.36.32532.0|vcruntime140_1.amd64.pdb|CED9E2B1DA993ACF8F38F61FC31B712F1|0x7ffd0e4b0000|0x7ffd0e4bbfff|0
Module|VCRUNTIME140.dll|14.36.32532.0|vcruntime140.amd64.pdb|38DD49151CC8F884F457AEB14C69A0F01|0x7ffd0e4d0000|0x7ffd0e4eafff|0
Module|OneCoreCommonProxyStub.dll|10.0.19041.4597|OneCoreCommonProxyStub.pdb|FC1974E85CF9D66CA92D7AF4D11ABC1E1|0x7ffd0f5c0000|0x7ffd0f63efff|0
Module|OLEACC.dll|7.2.19041.3636|oleacc.pdb|2EE2A81C3901592B3D06D7AF2F31A2121|0x7ffd10cd0000|0x7ffd10d35fff|0
Module|MSIMG32.dll|10.0.19041.3636|msimg32.pdb|DE870B59D9A48738BCD110E5DCAF169A1|0x7ffd10e20000|0x7ffd10e26fff|0
Module|COMCTL32.dll|6.10.19041.4355|comctl32.pdb|C355C64BF252C129846B6A45F0E01DC51|0x7ffd10e30000|0x7ffd110c9fff|0
Module|qwindowsvistastyle.dll|5.15.2.0|qwindowsvistastyle.pdb|892CBEE8F0EB4361B98504A91CFF07CF1|0x7ffd11ac0000|0x7ffd11ae5fff|0
Module|MSVCP140_1.dll|14.36.32532.0|msvcp140_1.amd64.pdb|F206EAC79CB117BDCB3D1EA75420A0101|0x7ffd11b10000|0x7ffd11b18fff|0
Module|TextShaping.dll|0.0.0.0|TextShaping.pdb|B79A524824A5C1F438A0AB02C6B79E011|0x7ffd128a0000|0x7ffd1294bfff|0
Module|dwrite.dll|10.0.19041.4355|DWrite.pdb|819BEB088A55495A827D925FF8D128941|0x7ffd14fe0000|0x7ffd1525efff|0
Module|SRVCLI.DLL|10.0.19041.3636|srvcli.pdb|9B2D4D1514F7A3653BCA5EAFB4C3C4351|0x7ffd15e00000|0x7ffd15e27fff|0
Module|WINMM.dll|10.0.19041.3636|winmm.pdb|8D40E7A52F1C62DF7F80732B0CD76AD81|0x7ffd16ae0000|0x7ffd16b06fff|0
Module|cryptnet.dll|10.0.19041.3636|cryptnet.pdb|4384DC36DD02D65F6B2AB39F88E297601|0x7ffd1f200000|0x7ffd1f230fff|0
Module|textinputframework.dll|10.0.19041.4651|TextInputFramework.pdb|07E666CEDE7E7360C958CFE818CFCDD51|0x7ffd1f650000|0x7ffd1f748fff|0
Module|twinapi.appcore.dll|10.0.19041.4597|twinapi.appcore.pdb|FC89D1A977BF5960E45E22303E71F2671|0x7ffd234b0000|0x7ffd236b2fff|0
Module|WINHTTP.dll|10.0.19041.4355|winhttp.pdb|18B7118F61ED9B91F15F7F13EADD902A1|0x7ffd25570000|0x7ffd25679fff|0
Module|VERSION.dll|10.0.19041.3636|version.pdb|7CF22BA8F86C4C20B463D4C0F40C45281|0x7ffd25a60000|0x7ffd25a69fff|0
Module|WTSAPI32.dll|10.0.19041.3636|wtsapi32.pdb|46130AD65FAFDE5011322EBDCF80A4B81|0x7ffd25f20000|0x7ffd25f33fff|0
Module|MPR.dll|10.0.19041.3636|mpr.pdb|45A2F9716744E6BDF301CD43C7F936DE1|0x7ffd26100000|0x7ffd2611cfff|0
Module|d3d11.dll|10.0.19041.4355|d3d11.pdb|F0C0A9A67AE5AB5C8C0A1F707A60849E1|0x7ffd26820000|0x7ffd26a82fff|0
Module|CoreUIComponents.dll|10.0.19041.3636|CoreUIComponents.pdb|EBB65F7CD1B19225CD47B85A7977FB0F1|0x7ffd271c0000|0x7ffd2751afff|0
Module|dcomp.dll|10.0.19041.4597|dcomp.pdb|2A666DC3FB26649D7AA12F29B65529091|0x7ffd27520000|0x7ffd27703fff|0
Module|CoreMessaging.dll|10.0.19041.4355|CoreMessaging.pdb|494EAE14850CE3CC29BE486C28694D451|0x7ffd27720000|0x7ffd27811fff|0
Module|apphelp.dll|10.0.19041.4597|apphelp.pdb|4EB80FF62031340C1B77E242EAB9A83B1|0x7ffd28050000|0x7ffd280e3fff|0
Module|wintypes.dll|10.0.19041.4355|WinTypes.pdb|2688BAEC6D09881B512D6A90077892961|0x7ffd28490000|0x7ffd285e6fff|0
Module|PROPSYS.dll|7.0.19041.4597|propsys.pdb|2B4A377E879C92C47F7DB72E1F05B0931|0x7ffd28970000|0x7ffd28a65fff|0
Module|UxTheme.dll|10.0.19041.4529|UxTheme.pdb|76CB9994A27794D7596140FD905F6FB01|0x7ffd29150000|0x7ffd291edfff|0
Module|dwmapi.dll|10.0.19041.4355|dwmapi.pdb|F69571E3B59BE8AF93421CD16EB785BD1|0x7ffd29420000|0x7ffd2944efff|0
Module|windows.storage.dll|10.0.19041.4648|Windows.Storage.pdb|B492B975B133BCD8F3DBB38A59842CA91|0x7ffd298d0000|0x7ffd2a06dfff|0
Module|DbgHelp.dll|10.0.19041.3636|dbghelp.pdb|961AC3BBB51C2D60A763D5FD89F820A71|0x7ffd2a070000|0x7ffd2a253fff|0
Module|kernel.appcore.dll|10.0.19041.3758|Kernel.Appcore.pdb|FF8898495A82A37624B4A1FDF19E2A5D1|0x7ffd2a2f0000|0x7ffd2a301fff|0
Module|dxgi.dll|10.0.19041.4597|dxgi.pdb|8C853B52FA264A7DFC514D5E09E416411|0x7ffd2a310000|0x7ffd2a404fff|0
Module|rsaenh.dll|10.0.19041.3636|rsaenh.pdb|618E0BF43DAD71FAEA75DDFBF757B3B81|0x7ffd2aac0000|0x7ffd2aaf3fff|0
Module|ntmarta.dll|10.0.19041.3636|ntmarta.pdb|EA2CF37B62C35E0E474E90C86B62ABF31|0x7ffd2abe0000|0x7ffd2ac12fff|0
Module|UMPDC.dll|0.0.0.0|UMPDC.pdb|1A5396E7571BC59CFFB0104B103684381|0x7ffd2af90000|0x7ffd2afa1fff|0
Module|NETUTILS.DLL|10.0.19041.3636|netutils.pdb|745D98D24B16BC1CD769CA8DA17869FC1|0x7ffd2b000000|0x7ffd2b00bfff|0
Module|powrprof.dll|10.0.19041.3636|powrprof.pdb|21D104A7AD6B8E7E1339A467F93CDF871|0x7ffd2b020000|0x7ffd2b06afff|0
Module|CRYPTBASE.DLL|10.0.19041.3636|cryptbase.pdb|43558FE9BA9992B8B538FCC4E01A0C251|0x7ffd2b380000|0x7ffd2b38bfff|0
Module|Wldp.dll|10.0.19041.4597|WLDP.pdb|213F0053C6975AE02BA05A09F386F1361|0x7ffd2b410000|0x7ffd2b43dfff|0
Module|CRYPTSP.dll|10.0.19041.3636|cryptsp.pdb|17C0349D5B0D22F016AB7D9208F768171|0x7ffd2b450000|0x7ffd2b467fff|0
Module|msasn1.dll|10.0.19041.3636|msasn1.pdb|98F62B5CB15DCDD0403FD9ACCC840C481|0x7ffd2b680000|0x7ffd2b691fff|0
Module|USERENV.dll|10.0.19041.4355|userenv.pdb|E8EA4D2D8CF7E59D7AE4226F54C640181|0x7ffd2b9b0000|0x7ffd2b9ddfff|0
Module|profapi.dll|10.0.19041.4355|profapi.pdb|E8F624DF36BB9B5FBBCBD4F9A0E74A3A1|0x7ffd2ba00000|0x7ffd2ba23fff|0
Module|dtrampo.dll|4.0.0.0|dtrampo-x64.pdb|96AFD0B172BB43608DB3A7CDCEC1B1EA1|0x7ffd2bad0000|0x7ffd2bb3dfff|0
Module|bcrypt.dll|10.0.19041.3636|bcrypt.pdb|2E97A6310A2697642F5F56C3D906D21B1|0x7ffd2bbb0000|0x7ffd2bbd6fff|0
Module|KERNELBASE.dll|10.0.19041.4648|kernelbase.pdb|FD00366E659CCAC64FA32290CA0C38AA1|0x7ffd2bbe0000|0x7ffd2bed5fff|0
Module|win32u.dll|10.0.19041.4648|win32u.pdb|81FA8AA54C62B940172A87110CE2238A1|0x7ffd2bee0000|0x7ffd2bf01fff|0
Module|CRYPT32.dll|10.0.19041.4597|crypt32.pdb|D053F513AAC7ED09FCE1B6FE900508811|0x7ffd2bf10000|0x7ffd2c06dfff|0
Module|bcryptPrimitives.dll|10.0.19041.3636|bcryptprimitives.pdb|C5929C77617AD1E4CAB41186FA7BE4AC1|0x7ffd2c070000|0x7ffd2c0f1fff|0
Module|msvcp_win.dll|10.0.19041.3636|msvcp_win.pdb|05C9DAA50C5625A8A54295B732954B3F1|0x7ffd2c100000|0x7ffd2c19cfff|0
Module|gdi32full.dll|10.0.19041.4474|gdi32full.pdb|7411CC311D75DDE3629BA21E45D351AD1|0x7ffd2c1f0000|0x7ffd2c306fff|0
Module|ucrtbase.dll|10.0.19041.3636|ucrtbase.pdb|5C4F64BF99F5FDEC7295CAB05A30010D1|0x7ffd2c3c0000|0x7ffd2c4bffff|0
Module|COMDLG32.dll|10.0.19041.4355|comdlg32.pdb|492B3F4CEEBADE1B1E0F3E1EC51A2C911|0x7ffd2c540000|0x7ffd2c619fff|0
Module|MSCTF.dll|10.0.19041.4597|msctf.pdb|AEB43A8194CEF45010F716CEC85410F41|0x7ffd2c620000|0x7ffd2c733fff|0
Module|RPCRT4.dll|10.0.19041.4597|rpcrt4.pdb|2DBFD9784C0C5801E00B9ED7344C98641|0x7ffd2c750000|0x7ffd2c872fff|0
Module|msvcrt.dll|7.0.19041.3636|msvcrt.pdb|CD5F2A5BD01C905AC199F6190927CDF91|0x7ffd2c880000|0x7ffd2c91dfff|0
Module|clbcatq.dll|2001.12.10941.16384|CLBCatQ.pdb|99BC9508417EF9FC9A540B16F80B77F11|0x7ffd2c980000|0x7ffd2ca28fff|0
Module|SHELL32.dll|10.0.19041.4648|shell32.pdb|ABBFE137589A2D177F733DFB4D120DAC1|0x7ffd2ca30000|0x7ffd2d19bfff|0
Module|imagehlp.dll|10.0.19041.3636|imagehlp.pdb|5F1E2E09962AF8D905572A34B70052A31|0x7ffd2d200000|0x7ffd2d21cfff|0
Module|OLEAUT32.dll|10.0.19041.3636|oleaut32.pdb|87091C6A28419368378AAE5938A2B2D61|0x7ffd2d220000|0x7ffd2d2ecfff|0
Module|PSAPI.DLL|10.0.19041.3636|psapi.pdb|C463422D8F039BB0A6595C51561746301|0x7ffd2d300000|0x7ffd2d307fff|0
Module|ole32.dll|10.0.19041.4355|ole32.pdb|55F4C31130703FBF550732BE09C504C31|0x7ffd2d310000|0x7ffd2d43afff|0
Module|KERNEL32.DLL|10.0.19041.4597|kernel32.pdb|396B53214FBEC11DC2AC82E86F6D8DAA1|0x7ffd2d8b0000|0x7ffd2d970fff|0
Module|IMM32.DLL|10.0.19041.4474|imm32.pdb|72AE880A2865819B760026C6B813DFD01|0x7ffd2da30000|0x7ffd2da5efff|0
Module|ADVAPI32.dll|10.0.19041.4597|advapi32.pdb|2115EB54E6B1E0ACF6085FB62B7D1BFC1|0x7ffd2da60000|0x7ffd2db0ffff|0
Module|sechost.dll|10.0.19041.4597|sechost.pdb|DC2023B1F95CE1A459401DAD4A273B8F1|0x7ffd2db10000|0x7ffd2dbaffff|0
Module|USER32.dll|10.0.19041.4474|user32.pdb|6A873A25D8694F8ABBCFAC114793DAAE1|0x7ffd2dbb0000|0x7ffd2dd4efff|0
Module|shlwapi.dll|10.0.19041.4355|shlwapi.pdb|36EB20DF8C2B695E344D486E052A3CE71|0x7ffd2dd50000|0x7ffd2dda4fff|0
Module|combase.dll|10.0.19041.4355|combase.pdb|6C146F310D333559974D1D5D3FA2E4DA1|0x7ffd2de10000|0x7ffd2e162fff|0
Module|WS2_32.dll|10.0.19041.3636|ws2_32.pdb|C4AF2923BB8706346F027C3A7631E89F1|0x7ffd2e170000|0x7ffd2e1dafff|0
Module|GDI32.dll|10.0.19041.4474|gdi32.pdb|7027857320F1278E289C7F1FE4C058FE1|0x7ffd2e420000|0x7ffd2e44afff|0
Module|ntdll.dll|10.0.19041.4522|ntdll.pdb|4C328D42D0B9A2B218FB85860DECF27C1|0x7ffd2e490000|0x7ffd2e687fff|0

0|0|crashpadReporterExample.exe||||0x19760
0|1|crashpadReporterExample.exe||||0x193ee
0|2|Qt5Widgets.dll||||0x205b1
0|3|crashpadReporterExample.exe||||0x1aed1
0|4|Qt5Core.dll||||0x250aa
0|5|Qt5Core.dll||||0x1f1da7
0|6|Qt5Widgets.dll||||0x1b022
0|7|Qt5Widgets.dll||||0x4b031
0|8|Qt5Widgets.dll||||0x4b031
0|9|Qt5Widgets.dll||||0xdeca7
0|10|Qt5Widgets.dll||||0xdebc8
0|11|Qt5Widgets.dll||||0xdf8ad
0|12|ucrtbase.dll||||0x15f58
0|13|Qt5Widgets.dll||||0x379b2
0|14|Qt5Core.dll||||0x1d4a32
0|15|Qt5Core.dll||||0x1d535b
0|16|Qt5Widgets.dll||||0x14990
0|17|Qt5Widgets.dll||||0x128b0
0|18|OneCoreCommonProxyStub.dll||||0x26708
0|19|UIAutomationCore.dll||||0x3cb0
0|20|RPCRT4.dll||||0xdcf0c
0|21|OneCoreCommonProxyStub.dll||||0x26700
0|22|OneCoreCommonProxyStub.dll||||0x266d0
0|23|OneCoreCommonProxyStub.dll||||0x266d0
0|24|OneCoreCommonProxyStub.dll||||0x26718
0|25|OneCoreCommonProxyStub.dll||||0x266d0
0|26|RPCRT4.dll||||0xdc4d4
0|27|OneCoreCommonProxyStub.dll||||0x266e8
0|28|ntdll.dll||||0x25d6f
0|29|OneCoreCommonProxyStub.dll||||0x266d0
0|30|OneCoreCommonProxyStub.dll||||0x266d0
0|31|UIAutomationCore.dll||||0x4b7b
0|32|OneCoreCommonProxyStub.dll||||0x266e8
0|33|OneCoreCommonProxyStub.dll||||0x266e8
0|34|OneCoreCommonProxyStub.dll||||0x266d0
0|35|combase.dll||||0x24f620
0|36|OneCoreCommonProxyStub.dll||||0x267d0
0|37|UIAutomationCore.dll||||0x1fcaf8
0|38|OneCoreCommonProxyStub.dll||||0x266d0
0|39|ntdll.dll||||0x25ba1
0|40|OneCoreCommonProxyStub.dll||||0x44e0
0|41|OneCoreCommonProxyStub.dll||||0x43c0
0|42|ntdll.dll||||0x25ba1
0|43|OneCoreCommonProxyStub.dll||||0x5bb0
0|44|Qt5Gui.dll||||0x2ebe0
0|45|Qt5Gui.dll||||0x28a20a
0|46|Qt5Gui.dll||||0x4b0b2
0|47|Qt5Gui.dll||||0x3fd0e0
0|48|Qt5Core.dll||||0x1d2aca
0|49|Qt5Widgets.dll||||0x501650
0|50|Qt5Widgets.dll||||0x15b95
0|51|Qt5Widgets.dll||||0x6040a
0|52|Qt5Widgets.dll||||0x501601
0|53|Qt5Widgets.dll||||0x501650
0|54|Qt5Widgets.dll||||0xc66ee
0|55|ntdll.dll||||0x247b1
0|56|RPCRT4.dll||||0x119e9
0|57|combase.dll||||0xbe47b
0|58|UIAutomationCore.dll||||0x1fcaf8
0|59|OneCoreCommonProxyStub.dll||||0x5b60
0|60|UIAutomationCore.dll||||0x1fcaf8
0|61|Qt5Widgets.dll||||0x14990
0|62|combase.dll||||0xbc490
0|63|OneCoreCommonProxyStub.dll||||0x267d0
0|64|RPCRT4.dll||||0x5d17b
0|65|combase.dll||||0xb811b
0|66|Qt5Gui.dll||||0x3fd0e0
0|67|Qt5Widgets.dll||||0xc66ee
0|68|Qt5Widgets.dll||||0x5e38e
0|69|qwindows.dll||||0x14a0e
0|70|Qt5Core.dll||||0x2f1c90
0|71|Qt5Core.dll||||0x1d4a32
0|72|Qt5Core.dll||||0x24f87
0|73|RPCRT4.dll||||0x5d1d3
0|74|Qt5Core.dll||||0x1d535b
0|75|Qt5Widgets.dll||||0x14990
0|76|Qt5Widgets.dll||||0x13a13
0|77|combase.dll||||0x273628
0|78|combase.dll||||0x273608
0|79|KERNELBASE.dll||||0x6e0fd
0|80|UIAutomationCore.dll||||0x3cc70
0|81|ntdll.dll||||0x2b86b
0|82|ntdll.dll||||0x2b3c7
0|83|USER32.dll||||0x2164b
0|84|qwindows.dll||||0x145f0
0|85|combase.dll||||0x55a56
0|86|combase.dll||||0xfa495
0|87|ntdll.dll||||0x25ba1
0|88|USER32.dll||||0x21b64
0|89|combase.dll||||0x6774d
0|90|ntdll.dll||||0x247b1
0|91|combase.dll||||0x2dd2e
0|92|combase.dll||||0x2ef9d
0|93|Qt5Core.dll||||0x24f87
0|94|USER32.dll||||0x24760
0|95|Qt5Core.dll||||0x1d2aca
0|96|USER32.dll||||0x21906
0|97|Qt5Gui.dll||||0x432b6
0|98|win32u.dll||||0x1404
0|99|Qt5Core.dll||||0x21c0a0
0|100|ntdll.dll||||0x9d410
0|101|USER32.dll||||0x2107
0|102|UIAutomationCore.dll||||0x49fd
0|103|UIAutomationCore.dll||||0x49b5
0|104|USER32.dll||||0x21906
0|105|UIAutomationCore.dll||||0x4960
0|106|USER32.dll||||0x1eda9
0|107|USER32.dll||||0xf163
0|108|USER32.dll||||0x1ed57
0|109|USER32.dll||||0x16b6
0|110|Qt5Gui.dll||||0x3fd0e0
0|111|Qt5Core.dll||||0x3dbd68
0|112|KERNELBASE.dll||||0x2e0003
0|113|Qt5Core.dll||||0x1d4907
0|114|USER32.dll||||0xa333
0|115|USER32.dll||||0xec01
0|116|Qt5Gui.dll||||0x66e140
0|117|Qt5Core.dll||||0x66040
0|118|USER32.dll||||0xe684
0|119|Qt5Gui.dll||||0x66e148
0|120|Qt5Gui.dll||||0x2ecb0
0|121|Qt5Gui.dll||||0x66e148
0|122|Qt5Core.dll||||0x21ba5a
0|123|Qt5Gui.dll||||0x66e148
0|124|ntdll.dll||||0x1d23b
0|125|ntdll.dll||||0x68ea0
0|126|MSCTF.dll||||0x6d270
0|127|ntdll.dll||||0x1c7bc
0|128|gdi32full.dll||||0xe5e3
0|129|ntdll.dll||||0x1c3c8
0|130|ntdll.dll||||0x2b90b
0|131|ntdll.dll||||0x2b3c7
0|132|USER32.dll||||0xbc6e8
0|133|USER32.dll||||0x19d164
0|134|USER32.dll||||0x19d18c
0|135|ntdll.dll||||0x34c18
0|136|ntdll.dll||||0x2df4c
0|137|ntdll.dll||||0x26491
1|0|ntdll.dll||||0xa0ff4
1|1|ntdll.dll||||0x4d407
2|0|ntdll.dll||||0xa0ff4
2|1|ntdll.dll||||0x4d407
3|0|ntdll.dll||||0xa0ff4
3|1|ntdll.dll||||0x4d407
4|0|ntdll.dll||||0x9d5e4
4|1|KERNELBASE.dll||||0x2920e
4|2|dtrampo.dll||||0x729c
4|3|KERNEL32.DLL||||0x17374
4|4|ntdll.dll||||0x4cc91
5|0|ntdll.dll||||0xa0ff4
5|1|ntdll.dll||||0x4d407
6|0|ntdll.dll||||0xa0ff4
6|1|ntdll.dll||||0x4d407
7|0|ntdll.dll||||0x9e0b4
7|1|KERNELBASE.dll||||0x64030
8|0|ntdll.dll||||0x9e0b4
8|1|KERNELBASE.dll||||0x64030
8|2|MSCTF.dll||||0x40610
8|3|ntdll.dll||||0x17955
8|4|ntdll.dll||||0x16c4d0
8|5|MSCTF.dll||||0x40610
8|6|ntdll.dll||||0x1791d
8|7|ntdll.dll||||0x1793d
8|8|ntdll.dll||||0x760bd
8|9|ntdll.dll||||0x75c83
8|10|ntdll.dll||||0x75c38
8|11|ntdll.dll||||0x51910
8|12|ntdll.dll||||0x2df4c
8|13|ntdll.dll||||0x2df4c
8|14|KERNELBASE.dll||||0x6c040
8|15|combase.dll||||0xcd346
8|16|ntdll.dll||||0x2b86b
8|17|ntdll.dll||||0x2b3c7
8|18|ntdll.dll||||0x51910
8|19|ntdll.dll||||0x2b44d
8|20|ntdll.dll||||0x51910
8|21|KERNELBASE.dll||||0x66f1c
8|22|KERNELBASE.dll||||0x39f9a
8|23|combase.dll||||0xcb10c
8|24|combase.dll||||0xcd1c0
8|25|combase.dll||||0x2195d
8|26|combase.dll||||0xccfd0
8|27|combase.dll||||0xcd3c6
8|28|combase.dll||||0xccf59
8|29|KERNEL32.DLL||||0x17374
8|30|ntdll.dll||||0x4cc91
9|0|ntdll.dll||||0xa0ff4
9|1|ntdll.dll||||0x4d407
10|0|ntdll.dll||||0xa0ff4
10|1|ntdll.dll||||0x4d407
11|0|ntdll.dll||||0x9d5e4
11|1|KERNELBASE.dll||||0x2920e
11|2|SogouPY.ime||||0xb6eb48
11|3|SogouPY.ime||||0xb6cd28
11|4|SogouPY.ime||||0x25295e
11|5|SogouPY.ime||||0xcffdb0
11|6|SogouPY.ime||||0xcffdb0
11|7|SogouPY.ime||||0xb6eb48
11|8|KERNELBASE.dll||||0x60500
11|9|SogouPY.ime||||0x2528e3
11|10|SogouPY.ime||||0x7964f2
11|11|KERNEL32.DLL||||0x17374
11|12|ntdll.dll||||0x4cc91
12|0|ntdll.dll||||0x9dbe4
12|1|KERNELBASE.dll||||0x55b8e
12|2|SogouPY.ime||||0xb6eb48
12|3|SogouPY.ime||||0x25358a
12|4|SogouPY.ime||||0xb6eb48
12|5|SogouPY.ime||||0x25351a
12|6|SogouPY.ime||||0x7964f2
12|7|KERNEL32.DLL||||0x17374
12|8|ntdll.dll||||0x4cc91
13|0|ntdll.dll||||0x9dbe4
13|1|KERNELBASE.dll||||0x55b8e
13|2|SogouPY.ime||||0x2b1353
13|3|SogouPY.ime||||0xb6cd28
13|4|SogouPY.ime||||0xb6cd28
13|5|ntdll.dll||||0x51910
13|6|KERNELBASE.dll||||0x6055b
13|7|SogouPY.ime||||0x7b2165
13|8|SogouPY.ime||||0x796562
13|9|KERNEL32.DLL||||0x17374
13|10|ntdll.dll||||0x4cc91
14|0|ntdll.dll||||0x9d684
14|1|KERNELBASE.dll||||0x6683f
14|2|SogouPY.ime||||0x1e99f5
14|3|SogouPY.ime||||0x254f6e
14|4|SogouPY.ime||||0xd00000
14|5|SogouPY.ime||||0xd00000
14|6|SogouPY.ime||||0xb6eb48
15|0|ntdll.dll||||0x9e0b4
15|1|KERNELBASE.dll||||0x64030
15|2|bcryptPrimitives.dll||||0x16a76
15|3|ntdll.dll||||0x2b86b
15|4|combase.dll||||0x5e157
15|5|combase.dll||||0xc33e0
15|6|combase.dll||||0x5c6c6
15|7|combase.dll||||0x6813e
16|0|ntdll.dll||||0x9e0b4
16|1|WINMM.dll||||0x2751
16|2|WINMM.dll||||0x1cf40
