OS|Windows NT|10.0.19045 
CPU|amd64|family 6 model 167 stepping 1|16
GPU|||
Crash|EXCEPTION_STACK_BUFFER_OVERRUN|0xacf304e8|0
Module|SHCore.dll|10.0.19041.4522|shcore.pdb|19AD6353E04F209AB89D46C9FF8406E81|0x1164a0b0000|0x1164a15cfff|0
Module|wintrust.dll|10.0.19041.4597|wintrust.pdb|891C15B8D46324E24732F391412D341B1|0x1164e850000|0x1164e8b8fff|0
Module|crashpadReporterExample.exe||crashpadReporterExample.pdb|506E1250BCEE48C1807A06E7A3A4EB518|0x7ff6fade0000|0x7ff6fae12fff|1
Module|Qt5Gui.dll|5.15.2.0|Qt5Gui.pdb|B9BF1F54552D43FA942F1A753D892E8F1|0x7ffca9be0000|0x7ffcaa29afff|0
Module|Qt5Core.dll|5.15.2.0|Qt5Core.pdb|3F04C67A012B43E395533C3A7E3358891|0x7ffcacf10000|0x7ffcad4d5fff|0
Module|Qt5Widgets.dll|5.15.2.0|Qt5Widgets.pdb|B55E00034D784710A266E5590C2A6AB61|0x7ffcafaf0000|0x7ffcb0030fff|0
Module|d3d9.dll|10.0.19041.4597|d3d9.pdb|51A3E9C6E3BAA794AAF8DA92799628EC1|0x7ffcccc40000|0x7ffccce0ffff|0
Module|qwindows.dll|5.15.2.0|qwindows.pdb|7EA3E8B92968441C87182EBCDBB0915C1|0x7ffcce4b0000|0x7ffcce61cfff|0
Module|dataexchange.dll|10.0.19041.4355|DataExchange.pdb|72568B2F2D0D6F97A786C17F8EC8FCE41|0x7ffcf3100000|0x7ffcf313dfff|0
Module|qwindowsvistastyle.dll|5.15.2.0|qwindowsvistastyle.pdb|892CBEE8F0EB4361B98504A91CFF07CF1|0x7ffcf92d0000|0x7ffcf92f5fff|0
Module|msvcp140.dll|14.36.32532.0|msvcp140.amd64.pdb|E5D1EEDADA9A5DC5A36FAAB872E21A871|0x7ffd0d2e0000|0x7ffd0d36dfff|0
Module|netapi32.dll|10.0.19041.3636|netapi32.pdb|72669DBDBC9BDF0A1616CF25BB3533C31|0x7ffd0e480000|0x7ffd0e498fff|0
Module|VCRUNTIME140_1.dll|14.36.32532.0|vcruntime140_1.amd64.pdb|CED9E2B1DA993ACF8F38F61FC31B712F1|0x7ffd0e4b0000|0x7ffd0e4bbfff|0
Module|VCRUNTIME140.dll|14.36.32532.0|vcruntime140.amd64.pdb|38DD49151CC8F884F457AEB14C69A0F01|0x7ffd0e4d0000|0x7ffd0e4eafff|0
Module|MSVCP140_1.dll|14.36.32532.0|msvcp140_1.amd64.pdb|F206EAC79CB117BDCB3D1EA75420A0101|0x7ffd11ae0000|0x7ffd11ae8fff|0
Module|DWrite.dll|10.0.19041.4355|DWrite.pdb|819BEB088A55495A827D925FF8D128941|0x7ffd14fe0000|0x7ffd1525efff|0
Module|srvcli.dll|10.0.19041.3636|srvcli.pdb|9B2D4D1514F7A3653BCA5EAFB4C3C4351|0x7ffd15e00000|0x7ffd15e27fff|0
Module|winmm.dll|10.0.19041.3636|winmm.pdb|8D40E7A52F1C62DF7F80732B0CD76AD81|0x7ffd16ae0000|0x7ffd16b06fff|0
Module|cryptnet.dll|10.0.19041.3636|cryptnet.pdb|4384DC36DD02D65F6B2AB39F88E297601|0x7ffd1f200000|0x7ffd1f230fff|0
Module|textinputframework.dll|10.0.19041.4651|TextInputFramework.pdb|07E666CEDE7E7360C958CFE818CFCDD51|0x7ffd1f650000|0x7ffd1f748fff|0
Module|twinapi.appcore.dll|10.0.19041.4597|twinapi.appcore.pdb|FC89D1A977BF5960E45E22303E71F2671|0x7ffd234b0000|0x7ffd236b2fff|0
Module|version.dll|10.0.19041.3636|version.pdb|7CF22BA8F86C4C20B463D4C0F40C45281|0x7ffd25a60000|0x7ffd25a69fff|0
Module|wtsapi32.dll|10.0.19041.3636|wtsapi32.pdb|46130AD65FAFDE5011322EBDCF80A4B81|0x7ffd25f20000|0x7ffd25f33fff|0
Module|mpr.dll|10.0.19041.3636|mpr.pdb|45A2F9716744E6BDF301CD43C7F936DE1|0x7ffd26100000|0x7ffd2611cfff|0
Module|d3d11.dll|10.0.19041.4355|d3d11.pdb|F0C0A9A67AE5AB5C8C0A1F707A60849E1|0x7ffd26820000|0x7ffd26a82fff|0
Module|CoreUIComponents.dll|10.0.19041.3636|CoreUIComponents.pdb|EBB65F7CD1B19225CD47B85A7977FB0F1|0x7ffd271c0000|0x7ffd2751afff|0
Module|dcomp.dll|10.0.19041.4597|dcomp.pdb|2A666DC3FB26649D7AA12F29B65529091|0x7ffd27520000|0x7ffd27703fff|0
Module|CoreMessaging.dll|10.0.19041.4355|CoreMessaging.pdb|494EAE14850CE3CC29BE486C28694D451|0x7ffd27720000|0x7ffd27811fff|0
Module|WinTypes.dll|10.0.19041.4355|WinTypes.pdb|2688BAEC6D09881B512D6A90077892961|0x7ffd28490000|0x7ffd285e6fff|0
Module|uxtheme.dll|10.0.19041.4529|UxTheme.pdb|76CB9994A27794D7596140FD905F6FB01|0x7ffd29150000|0x7ffd291edfff|0
Module|dwmapi.dll|10.0.19041.4355|dwmapi.pdb|F69571E3B59BE8AF93421CD16EB785BD1|0x7ffd29420000|0x7ffd2944efff|0
Module|windows.storage.dll|10.0.19041.4648|Windows.Storage.pdb|B492B975B133BCD8F3DBB38A59842CA91|0x7ffd298d0000|0x7ffd2a06dfff|0
Module|kernel.appcore.dll|10.0.19041.3758|Kernel.Appcore.pdb|FF8898495A82A37624B4A1FDF19E2A5D1|0x7ffd2a2f0000|0x7ffd2a301fff|0
Module|dxgi.dll|10.0.19041.4597|dxgi.pdb|8C853B52FA264A7DFC514D5E09E416411|0x7ffd2a310000|0x7ffd2a404fff|0
Module|rsaenh.dll|10.0.19041.3636|rsaenh.pdb|618E0BF43DAD71FAEA75DDFBF757B3B81|0x7ffd2aac0000|0x7ffd2aaf3fff|0
Module|ntmarta.dll|10.0.19041.3636|ntmarta.pdb|EA2CF37B62C35E0E474E90C86B62ABF31|0x7ffd2abe0000|0x7ffd2ac12fff|0
Module|umpdc.dll||UMPDC.pdb|1A5396E7571BC59CFFB0104B103684381|0x7ffd2af90000|0x7ffd2afa1fff|0
Module|netutils.dll|10.0.19041.3636|netutils.pdb|745D98D24B16BC1CD769CA8DA17869FC1|0x7ffd2b000000|0x7ffd2b00bfff|0
Module|powrprof.dll|10.0.19041.3636|powrprof.pdb|21D104A7AD6B8E7E1339A467F93CDF871|0x7ffd2b020000|0x7ffd2b06afff|0
Module|CRYPTBASE.DLL|10.0.19041.3636|cryptbase.pdb|43558FE9BA9992B8B538FCC4E01A0C251|0x7ffd2b380000|0x7ffd2b38bfff|0
Module|wldp.dll|10.0.19041.4597|WLDP.pdb|213F0053C6975AE02BA05A09F386F1361|0x7ffd2b410000|0x7ffd2b43dfff|0
Module|cryptsp.dll|10.0.19041.3636|cryptsp.pdb|17C0349D5B0D22F016AB7D9208F768171|0x7ffd2b450000|0x7ffd2b467fff|0
Module|msasn1.dll|10.0.19041.3636|msasn1.pdb|98F62B5CB15DCDD0403FD9ACCC840C481|0x7ffd2b680000|0x7ffd2b691fff|0
Module|userenv.dll|10.0.19041.4355|userenv.pdb|E8EA4D2D8CF7E59D7AE4226F54C640181|0x7ffd2b9b0000|0x7ffd2b9ddfff|0
Module|profapi.dll|10.0.19041.4355|profapi.pdb|E8F624DF36BB9B5FBBCBD4F9A0E74A3A1|0x7ffd2ba00000|0x7ffd2ba23fff|0
Module|dtrampo.dll|4.0.0.0|dtrampo-x64.pdb|96AFD0B172BB43608DB3A7CDCEC1B1EA1|0x7ffd2bad0000|0x7ffd2bb3dfff|0
Module|bcrypt.dll|10.0.19041.3636|bcrypt.pdb|2E97A6310A2697642F5F56C3D906D21B1|0x7ffd2bbb0000|0x7ffd2bbd6fff|0
Module|KERNELBASE.dll|10.0.19041.4648|kernelbase.pdb|FD00366E659CCAC64FA32290CA0C38AA1|0x7ffd2bbe0000|0x7ffd2bed5fff|0
Module|win32u.dll|10.0.19041.4648|win32u.pdb|81FA8AA54C62B940172A87110CE2238A1|0x7ffd2bee0000|0x7ffd2bf01fff|0
Module|crypt32.dll|10.0.19041.4597|crypt32.pdb|D053F513AAC7ED09FCE1B6FE900508811|0x7ffd2bf10000|0x7ffd2c06dfff|0
Module|bcryptPrimitives.dll|10.0.19041.3636|bcryptprimitives.pdb|C5929C77617AD1E4CAB41186FA7BE4AC1|0x7ffd2c070000|0x7ffd2c0f1fff|0
Module|msvcp_win.dll|10.0.19041.3636|msvcp_win.pdb|05C9DAA50C5625A8A54295B732954B3F1|0x7ffd2c100000|0x7ffd2c19cfff|0
Module|gdi32full.dll|10.0.19041.4474|gdi32full.pdb|7411CC311D75DDE3629BA21E45D351AD1|0x7ffd2c1f0000|0x7ffd2c306fff|0
Module|ucrtbase.dll|10.0.19041.3636|ucrtbase.pdb|5C4F64BF99F5FDEC7295CAB05A30010D1|0x7ffd2c3c0000|0x7ffd2c4bffff|0
Module|msctf.dll|10.0.19041.4597|msctf.pdb|AEB43A8194CEF45010F716CEC85410F41|0x7ffd2c620000|0x7ffd2c733fff|0
Module|rpcrt4.dll|10.0.19041.4597|rpcrt4.pdb|2DBFD9784C0C5801E00B9ED7344C98641|0x7ffd2c750000|0x7ffd2c872fff|0
Module|msvcrt.dll|7.0.19041.3636|msvcrt.pdb|CD5F2A5BD01C905AC199F6190927CDF91|0x7ffd2c880000|0x7ffd2c91dfff|0
Module|clbcatq.dll|2001.12.10941.16384|CLBCatQ.pdb|99BC9508417EF9FC9A540B16F80B77F11|0x7ffd2c980000|0x7ffd2ca28fff|0
Module|shell32.dll|10.0.19041.4648|shell32.pdb|ABBFE137589A2D177F733DFB4D120DAC1|0x7ffd2ca30000|0x7ffd2d19bfff|0
Module|imagehlp.dll|10.0.19041.3636|imagehlp.pdb|5F1E2E09962AF8D905572A34B70052A31|0x7ffd2d200000|0x7ffd2d21cfff|0
Module|oleaut32.dll|10.0.19041.3636|oleaut32.pdb|87091C6A28419368378AAE5938A2B2D61|0x7ffd2d220000|0x7ffd2d2ecfff|0
Module|ole32.dll|10.0.19041.4355|ole32.pdb|55F4C31130703FBF550732BE09C504C31|0x7ffd2d310000|0x7ffd2d43afff|0
Module|kernel32.dll|10.0.19041.4597|kernel32.pdb|396B53214FBEC11DC2AC82E86F6D8DAA1|0x7ffd2d8b0000|0x7ffd2d970fff|0
Module|imm32.dll|10.0.19041.4474|imm32.pdb|72AE880A2865819B760026C6B813DFD01|0x7ffd2da30000|0x7ffd2da5efff|0
Module|advapi32.dll|10.0.19041.4597|advapi32.pdb|2115EB54E6B1E0ACF6085FB62B7D1BFC1|0x7ffd2da60000|0x7ffd2db0ffff|0
Module|sechost.dll|10.0.19041.4597|sechost.pdb|DC2023B1F95CE1A459401DAD4A273B8F1|0x7ffd2db10000|0x7ffd2dbaffff|0
Module|user32.dll|10.0.19041.4474|user32.pdb|6A873A25D8694F8ABBCFAC114793DAAE1|0x7ffd2dbb0000|0x7ffd2dd4efff|0
Module|shlwapi.dll|10.0.19041.4355|shlwapi.pdb|36EB20DF8C2B695E344D486E052A3CE71|0x7ffd2dd50000|0x7ffd2dda4fff|0
Module|combase.dll|10.0.19041.4355|combase.pdb|6C146F310D333559974D1D5D3FA2E4DA1|0x7ffd2de10000|0x7ffd2e162fff|0
Module|ws2_32.dll|10.0.19041.3636|ws2_32.pdb|C4AF2923BB8706346F027C3A7631E89F1|0x7ffd2e170000|0x7ffd2e1dafff|0
Module|gdi32.dll|10.0.19041.4474|gdi32.pdb|7027857320F1278E289C7F1FE4C058FE1|0x7ffd2e420000|0x7ffd2e44afff|0
Module|ntdll.dll|10.0.19041.4522|ntdll.pdb|4C328D42D0B9A2B218FB85860DECF27C1|0x7ffd2e490000|0x7ffd2e687fff|0

0|0|Qt5Core.dll||||0x204e8
0|1|Qt5Core.dll||||0x1e73d
0|2|Qt5Core.dll||||0x2f8238
0|3|Qt5Core.dll||||0x2f9338
0|4|Qt5Core.dll||||0x23b9e
0|5|Qt5Core.dll||||0x2f8238
0|6|Qt5Core.dll||||0x2f1c90
0|7|crashpadReporterExample.exe||||0x15ec3
0|8|crashpadReporterExample.exe||||0x194b4
0|9|Qt5Core.dll||||0x2f80a0
0|10|crashpadReporterExample.exe||||0x1ef90
0|11|crashpadReporterExample.exe||||0x1aedd
0|12|Qt5Core.dll||||0x250aa
0|13|Qt5Core.dll||||0x1f1da7
0|14|Qt5Widgets.dll||||0x1b022
0|15|Qt5Widgets.dll||||0x4b031
0|16|Qt5Widgets.dll||||0x4b031
0|17|Qt5Widgets.dll||||0xdeca7
0|18|Qt5Widgets.dll||||0xdebc8
0|19|Qt5Widgets.dll||||0xdf8ad
0|20|Qt5Widgets.dll||||0x379b2
0|21|Qt5Core.dll||||0x1d4a32
0|22|Qt5Core.dll||||0x1d535b
0|23|Qt5Widgets.dll||||0x14990
0|24|Qt5Widgets.dll||||0x128b0
0|25|ntdll.dll||||0x25ba1
0|26|ntdll.dll||||0x25ba1
0|27|ntdll.dll||||0x2b3c7
0|28|ntdll.dll||||0x247b1
0|29|ucrtbase.dll||||0xf05b
0|30|Qt5Gui.dll||||0x27b6c3
0|31|Qt5Gui.dll||||0x19090
0|32|Qt5Widgets.dll||||0x3d0a1
0|33|Qt5Gui.dll||||0x3f706b
0|34|Qt5Gui.dll||||0x1830c
0|35|Qt5Widgets.dll||||0x37596
0|36|ntdll.dll||||0x25ba1
0|37|Qt5Gui.dll||||0x2ebe0
0|38|Qt5Gui.dll||||0x28a20a
0|39|Qt5Gui.dll||||0x4b0b2
0|40|Qt5Gui.dll||||0x3fd0e0
0|41|Qt5Core.dll||||0x1d2aca
0|42|Qt5Widgets.dll||||0x501650
0|43|Qt5Widgets.dll||||0x15b95
0|44|Qt5Widgets.dll||||0x6040a
0|45|Qt5Widgets.dll||||0x501601
0|46|Qt5Widgets.dll||||0x501650
0|47|ntdll.dll||||0x247b1
0|48|ntdll.dll||||0x247b1
0|49|Qt5Gui.dll||||0x1a00f7
0|50|Qt5Core.dll||||0x24f87
0|51|Qt5Core.dll||||0x1cdb24
0|52|user32.dll||||0xca9b
0|53|Qt5Gui.dll||||0x3fd0e0
0|54|user32.dll||||0xc90d
0|55|Qt5Widgets.dll||||0xc66ee
0|56|Qt5Widgets.dll||||0x5e38e
0|57|qwindows.dll||||0x14a0e
0|58|ntdll.dll||||0x19877
0|59|Qt5Core.dll||||0x2f1c90
0|60|Qt5Core.dll||||0x1d4a32
0|61|Qt5Core.dll||||0x24f87
0|62|Qt5Core.dll||||0x1d535b
0|63|Qt5Widgets.dll||||0x14990
0|64|Qt5Widgets.dll||||0x13a13
0|65|user32.dll||||0xf163
0|66|Qt5Gui.dll||||0x427db0
0|67|CoreMessaging.dll||||0x150fb
0|68|ntdll.dll||||0x2b86b
0|69|ntdll.dll||||0x2b3c7
0|70|user32.dll||||0x2164b
0|71|qwindows.dll||||0x145f0
0|72|user32.dll||||0x91070
0|73|ntdll.dll||||0xa13e4
0|74|user32.dll||||0x21b64
0|75|win32u.dll||||0x10e4
0|76|user32.dll||||0x126bb
0|77|Qt5Core.dll||||0x21d795
0|78|Qt5Gui.dll||||0x2a06c
0|79|Qt5Gui.dll||||0x28d43
0|80|Qt5Gui.dll||||0x66e148
0|81|qwindows.dll||||0x1c7af
0|82|Qt5Gui.dll||||0x28bb5
0|83|qwindows.dll||||0x1d69d
0|84|msvcrt.dll||||0x4ad00
0|85|Qt5Core.dll||||0x1d2aca
0|86|Qt5Gui.dll||||0x432b6
1|0|ntdll.dll||||0xa0ff4
1|1|ntdll.dll||||0x4d407
2|0|ntdll.dll||||0xa0ff4
2|1|ntdll.dll||||0x4d407
3|0|ntdll.dll||||0xa0ff4
3|1|ntdll.dll||||0x4d407
4|0|ntdll.dll||||0x9d5e4
4|1|KERNELBASE.dll||||0x2920e
4|2|dtrampo.dll||||0x729c
4|3|kernel32.dll||||0x17374
4|4|ntdll.dll||||0x4cc91
5|0|ntdll.dll||||0xa0ff4
5|1|ntdll.dll||||0x4d407
6|0|ntdll.dll||||0xa0ff4
6|1|ntdll.dll||||0x4d407
7|0|ntdll.dll||||0x9e0b4
7|1|KERNELBASE.dll||||0x64030
8|0|ntdll.dll||||0x9e0b4
8|1|KERNELBASE.dll||||0x64030
8|2|msctf.dll||||0x40610
8|3|ntdll.dll||||0x17955
8|4|ntdll.dll||||0x16c4d0
8|5|msctf.dll||||0x40610
8|6|ntdll.dll||||0x1791d
8|7|ntdll.dll||||0x1793d
8|8|ntdll.dll||||0x760bd
8|9|ntdll.dll||||0x75c83
8|10|ntdll.dll||||0x75c38
8|11|ntdll.dll||||0x51910
8|12|ntdll.dll||||0x2df4c
8|13|KERNELBASE.dll||||0x6c040
8|14|combase.dll||||0xccf30
8|15|combase.dll||||0xcd346
8|16|ntdll.dll||||0x2b86b
8|17|ntdll.dll||||0x2b3c7
8|18|ntdll.dll||||0x51910
8|19|ntdll.dll||||0x2b3c7
8|20|ntdll.dll||||0x51910
8|21|KERNELBASE.dll||||0x66f1c
8|22|KERNELBASE.dll||||0x39f9a
8|23|combase.dll||||0xcb10c
8|24|combase.dll||||0xcd1c0
8|25|combase.dll||||0x2195d
8|26|combase.dll||||0xccfd0
8|27|combase.dll||||0xcd3c6
8|28|combase.dll||||0xccf59
8|29|kernel32.dll||||0x17374
8|30|ntdll.dll||||0x4cc91
9|0|ntdll.dll||||0xa0ff4
9|1|ntdll.dll||||0x4d407
10|0|ntdll.dll||||0xa0ff4
10|1|ntdll.dll||||0x4d407
11|0|ntdll.dll||||0x9e0b4
11|1|winmm.dll||||0x2751
11|2|winmm.dll||||0x1cf40
12|0|win32u.dll||||0x1ec4
12|1|user32.dll||||0x77bb
13|0|ntdll.dll||||0x9d5e4
13|1|ntdll.dll||||0x60032
13|2|ntdll.dll||||0x16c3f0
13|3|ntdll.dll||||0x177c3
13|4|ntdll.dll||||0x760a4
13|5|ntdll.dll||||0x75c83
13|6|ntdll.dll||||0x75c2e
13|7|Qt5Core.dll||||0x25d70
13|8|ntdll.dll||||0x4cc70
